=== Ablation Run Started: Wed Apr 22 04:01:49 AM IST 2026 ===

>>> EXPERIMENT: Gaussian Derivative Phi
>>> COMMAND: uv run main.py train --phi gaussian_deriv --stages 5 --epochs 20

Run directory: runs/run_20260422_040151
Training datasets : ['foe400']
Test dataset      : cbsd68
Loss function     : MSE  (MSE matches TNRD paper)
Stages            : 5  (unrolled PDE steps, NOT epochs)
Epochs per stage  : 20  (full passes over training data)


Device: cuda
─────────────────────────────────────────────────── Stage 1 / 5 ───────────────────────────────────────────────────
    Stage 1/5 ━━━━━━━━━━━━━━━━━━━━━━━━━━━━━━━━━━━━━━━━ 100% 0:02:04
  Stage 1 complete — final loss: 0.00143 | PSNR: 26.04 dB

─────────────────────────────────────────────────── Stage 2 / 5 ───────────────────────────────────────────────────
    Stage 2/5 ━━━━━━━━━━━━━━━━━━━━━━━━━━━━━━━━━━━━━━━━ 100% 0:02:04
  Stage 2 complete — final loss: 0.00141 | PSNR: 25.98 dB

─────────────────────────────────────────────────── Stage 3 / 5 ───────────────────────────────────────────────────
    Stage 3/5 ━━━━━━━━━━━━━━━━━━━━━━━━━━━━━━━━━━━━━━━━ 100% 0:01:59
  Stage 3 complete — final loss: 0.00142 | PSNR: 26.02 dB

─────────────────────────────────────────────────── Stage 4 / 5 ───────────────────────────────────────────────────
    Stage 4/5 ━━━━━━━━━━━━━━━━━━━━━━━━━━━━━━━━━━━━━━━━ 100% 0:01:59
  Stage 4 complete — final loss: 0.00141 | PSNR: 26.00 dB

─────────────────────────────────────────────────── Stage 5 / 5 ───────────────────────────────────────────────────
    Stage 5/5 ━━━━━━━━━━━━━━━━━━━━━━━━━━━━━━━━━━━━━━━━ 100% 0:01:56
  Stage 5 complete — final loss: 0.00142 | PSNR: 25.96 dB

Checkpoint saved: runs/run_20260422_040151/checkpoints/sigma25_final.pt
Results summary saved to: runs/run_20260422_040151/results_summary.csv
Training complete.
📈 Paper-ready graphs saved to: runs/run_20260422_040151/graphs/

Starting final evaluation...
Evaluation  (σ=25, stages=5)
┏━━━━━━━━━┳━━━━━━━━━━━━━━━━┓
┃ Dataset ┃ Mean PSNR (dB) ┃
┡━━━━━━━━━╇━━━━━━━━━━━━━━━━┩
│ cbsd68  │ 25.96          │
└─────────┴────────────────┘

>>> EXPERIMENT: Filter Bank K=8
>>> COMMAND: uv run main.py train --filters 8 --stages 5 --epochs 20

Run directory: runs/run_20260422_041208
Training datasets : ['foe400']
Test dataset      : cbsd68
Loss function     : MSE  (MSE matches TNRD paper)
Stages            : 5  (unrolled PDE steps, NOT epochs)
Epochs per stage  : 20  (full passes over training data)


Device: cuda
─────────────────────────────────────────────────── Stage 1 / 5 ───────────────────────────────────────────────────
    Stage 1/5 ━━━━━━━━━━━━━━━━━━━━━━━━━━━━━━━━━━━━━━━━ 100% 0:01:09
  Stage 1 complete — final loss: 0.00148 | PSNR: 25.85 dB

─────────────────────────────────────────────────── Stage 2 / 5 ───────────────────────────────────────────────────
    Stage 2/5 ━━━━━━━━━━━━━━━━━━━━━━━━━━━━━━━━━━━━━━━━ 100% 0:01:08
  Stage 2 complete — final loss: 0.00141 | PSNR: 25.91 dB

─────────────────────────────────────────────────── Stage 3 / 5 ───────────────────────────────────────────────────
    Stage 3/5 ━━━━━━━━━━━━━━━━━━━━━━━━━━━━━━━━━━━━━━━━ 100% 0:01:08
  Stage 3 complete — final loss: 0.00143 | PSNR: 25.90 dB

─────────────────────────────────────────────────── Stage 4 / 5 ───────────────────────────────────────────────────
    Stage 4/5 ━━━━━━━━━━━━━━━━━━━━━━━━━━━━━━━━━━━━━━━━ 100% 0:01:08
  Stage 4 complete — final loss: 0.00140 | PSNR: 25.95 dB

─────────────────────────────────────────────────── Stage 5 / 5 ───────────────────────────────────────────────────
    Stage 5/5 ━━━━━━━━━━━━━━━━━━━━━━━━━━━━━━━━━━━━━━━━ 100% 0:01:09
  Stage 5 complete — final loss: 0.00140 | PSNR: 25.94 dB

Checkpoint saved: runs/run_20260422_041208/checkpoints/sigma25_final.pt
Results summary saved to: runs/run_20260422_041208/results_summary.csv
Training complete.
📈 Paper-ready graphs saved to: runs/run_20260422_041208/graphs/

Starting final evaluation...
Evaluation  (σ=25, stages=5)
┏━━━━━━━━━┳━━━━━━━━━━━━━━━━┓
┃ Dataset ┃ Mean PSNR (dB) ┃
┡━━━━━━━━━╇━━━━━━━━━━━━━━━━┩
│ cbsd68  │ 25.94          │
└─────────┴────────────────┘

>>> EXPERIMENT: Filter Bank K=48
>>> COMMAND: uv run main.py train --filters 48 --stages 5 --epochs 20

Run directory: runs/run_20260422_041803
Training datasets : ['foe400']
Test dataset      : cbsd68
Loss function     : MSE  (MSE matches TNRD paper)
Stages            : 5  (unrolled PDE steps, NOT epochs)
Epochs per stage  : 20  (full passes over training data)


Device: cuda
─────────────────────────────────────────────────── Stage 1 / 5 ───────────────────────────────────────────────────
    Stage 1/5 ━━━━━━━━━━━━━━━━━━━━━━━━━━━━━━━━━━━━━━━━ 100% 0:02:42
  Stage 1 complete — final loss: 0.00148 | PSNR: 25.86 dB

─────────────────────────────────────────────────── Stage 2 / 5 ───────────────────────────────────────────────────
    Stage 2/5 ━━━━━━━━━━━━━━━━━━━━━━━━━━━━━━━━━━━━━━━━ 100% 0:02:46
  Stage 2 complete — final loss: 0.00131 | PSNR: 26.26 dB

─────────────────────────────────────────────────── Stage 3 / 5 ───────────────────────────────────────────────────
    Stage 3/5 ━━━━━━━━━━━━━━━━━━━━━━━━━━━━━━━━━━━━━━━━ 100% 0:02:46
  Stage 3 complete — final loss: 0.00128 | PSNR: 26.37 dB

─────────────────────────────────────────────────── Stage 4 / 5 ───────────────────────────────────────────────────
    Stage 4/5 ━━━━━━━━━━━━━━━━━━━━━━━━━━━━━━━━━━━━━━━━ 100% 0:02:48
  Stage 4 complete — final loss: 0.00127 | PSNR: 26.40 dB

─────────────────────────────────────────────────── Stage 5 / 5 ───────────────────────────────────────────────────
    Stage 5/5 ━━━━━━━━━━━━━━━━━━━━━━━━━━━━━━━━━━━━━━━━ 100% 0:02:35
  Stage 5 complete — final loss: 0.00127 | PSNR: 26.40 dB

Checkpoint saved: runs/run_20260422_041803/checkpoints/sigma25_final.pt
Results summary saved to: runs/run_20260422_041803/results_summary.csv
Training complete.
📈 Paper-ready graphs saved to: runs/run_20260422_041803/graphs/

Starting final evaluation...
Evaluation  (σ=25, stages=5)
┏━━━━━━━━━┳━━━━━━━━━━━━━━━━┓
┃ Dataset ┃ Mean PSNR (dB) ┃
┡━━━━━━━━━╇━━━━━━━━━━━━━━━━┩
│ cbsd68  │ 26.39          │
└─────────┴────────────────┘

>>> EXPERIMENT: Filter Size 3x3
>>> COMMAND: uv run main.py train --filter-size 3 --stages 5 --epochs 20

Run directory: runs/run_20260422_043159
Training datasets : ['foe400']
Test dataset      : cbsd68
Loss function     : MSE  (MSE matches TNRD paper)
Stages            : 5  (unrolled PDE steps, NOT epochs)
Epochs per stage  : 20  (full passes over training data)


Device: cuda
─────────────────────────────────────────────────── Stage 1 / 5 ───────────────────────────────────────────────────
    Stage 1/5 ━━━━━━━━━━━━━━━━━━━━━━━━━━━━━━━━━━━━━━━━ 100% 0:01:08
  Stage 1 complete — final loss: 0.00155 | PSNR: 25.60 dB

─────────────────────────────────────────────────── Stage 2 / 5 ───────────────────────────────────────────────────
    Stage 2/5 ━━━━━━━━━━━━━━━━━━━━━━━━━━━━━━━━━━━━━━━━ 100% 0:01:09
  Stage 2 complete — final loss: 0.00139 | PSNR: 25.95 dB

─────────────────────────────────────────────────── Stage 3 / 5 ───────────────────────────────────────────────────
    Stage 3/5 ━━━━━━━━━━━━━━━━━━━━━━━━━━━━━━━━━━━━━━━━ 100% 0:01:08
  Stage 3 complete — final loss: 0.00140 | PSNR: 25.94 dB

─────────────────────────────────────────────────────────────────────────────────────────────────────────────── Stage 4 / 5 ───────────────────────────────────────────────────────────────────────────────────────────────────────────────
    Stage 4/5 ━━━━━━━━━━━━━━━━━━━━━━━━━━━━━━━━━━━━━━━━ 100% 0:01:08
  Stage 4 complete — final loss: 0.00139 | PSNR: 25.94 dB

─────────────────────────────────────────────────────────────────────────────────────────────────────────────── Stage 5 / 5 ───────────────────────────────────────────────────────────────────────────────────────────────────────────────
    Stage 5/5 ━━━━━━━━━━━━━━━━━━━━━━━━━━━━━━━━━━━━━━━━ 100% 0:01:08
  Stage 5 complete — final loss: 0.00139 | PSNR: 25.94 dB

Checkpoint saved: runs/run_20260422_043159/checkpoints/sigma25_final.pt
Results summary saved to: runs/run_20260422_043159/results_summary.csv
Training complete.
📈 Paper-ready graphs saved to: runs/run_20260422_043159/graphs/

Starting final evaluation...
Evaluation  (σ=25, stages=5)
┏━━━━━━━━━┳━━━━━━━━━━━━━━━━┓
┃ Dataset ┃ Mean PSNR (dB) ┃
┡━━━━━━━━━╇━━━━━━━━━━━━━━━━┩
│ cbsd68  │ 25.93          │
└─────────┴────────────────┘

>>> EXPERIMENT: Filter Size 9x9
>>> COMMAND: uv run main.py train --filter-size 9 --stages 5 --epochs 20

Run directory: runs/run_20260422_043749
Training datasets : ['foe400']
Test dataset      : cbsd68
Loss function     : MSE  (MSE matches TNRD paper)
Stages            : 5  (unrolled PDE steps, NOT epochs)
Epochs per stage  : 20  (full passes over training data)


Device: cuda
─────────────────────────────────────────────────────────────────────────────────────────────────────────────── Stage 1 / 5 ───────────────────────────────────────────────────────────────────────────────────────────────────────────────
    Stage 1/5 ━━━━━━━━━━━━━━━━━━━━━━━━━━━━━━━━━━━━━━━━ 100% 0:01:44
  Stage 1 complete — final loss: 0.00148 | PSNR: 25.82 dB

─────────────────────────────────────────────────────────────────────────────────────────────────────────────── Stage 2 / 5 ───────────────────────────────────────────────────────────────────────────────────────────────────────────────
    Stage 2/5 ━━━━━━━━━━━━━━━━━━━━━━━━━━━━━━━━━━━━━━━━ 100% 0:01:45
  Stage 2 complete — final loss: 0.00135 | PSNR: 26.14 dB

─────────────────────────────────────────────────────────────────────────────────────────────────────────────── Stage 3 / 5 ───────────────────────────────────────────────────────────────────────────────────────────────────────────────
    Stage 3/5 ━━━━━━━━━━━━━━━━━━━━━━━━━━━━━━━━━━━━━━━━ 100% 0:01:56
  Stage 3 complete — final loss: 0.00134 | PSNR: 26.21 dB

─────────────────────────────────────────────────────────────────────────────────────────────────────────────── Stage 4 / 5 ───────────────────────────────────────────────────────────────────────────────────────────────────────────────
    Stage 4/5 ━━━━━━━━━━━━━━━━━━━━━━━━━━━━━━━━━━━━━━━━ 100% 0:01:56
  Stage 4 complete — final loss: 0.00130 | PSNR: 26.25 dB

─────────────────────────────────────────────────────────────────────────────────────────────────────────────── Stage 5 / 5 ───────────────────────────────────────────────────────────────────────────────────────────────────────────────
    Stage 5/5 ━━━━━━━━━━━━━━━━━━━━━━━━━━━━━━━━━━━━━━━━ 100% 0:01:50
  Stage 5 complete — final loss: 0.00131 | PSNR: 26.31 dB

Checkpoint saved: runs/run_20260422_043749/checkpoints/sigma25_final.pt
Results summary saved to: runs/run_20260422_043749/results_summary.csv
Training complete.
📈 Paper-ready graphs saved to: runs/run_20260422_043749/graphs/

Starting final evaluation...
Evaluation  (σ=25, stages=5)
┏━━━━━━━━━┳━━━━━━━━━━━━━━━━┓
┃ Dataset ┃ Mean PSNR (dB) ┃
┡━━━━━━━━━╇━━━━━━━━━━━━━━━━┩
│ cbsd68  │ 26.31          │
└─────────┴────────────────┘

>>> EXPERIMENT: Damping Gamma=0.1
>>> COMMAND: uv run main.py train --gamma 0.1 --stages 5 --epochs 20

Run directory: runs/run_20260422_044717
Training datasets : ['foe400']
Test dataset      : cbsd68
Loss function     : MSE  (MSE matches TNRD paper)
Stages            : 5  (unrolled PDE steps, NOT epochs)
Epochs per stage  : 20  (full passes over training data)


Device: cuda
─────────────────────────────────────────────────────────────────────────────────────────────────────────────── Stage 1 / 5 ───────────────────────────────────────────────────────────────────────────────────────────────────────────────
    Stage 1/5 ━━━━━━━━━━━━━━━━━━━━━━━━━━━━━━━━━━━━━━━━ 100% 0:01:57
  Stage 1 complete — final loss: 0.00148 | PSNR: 25.85 dB

─────────────────────────────────────────────────────────────────────────────────────────────────────────────── Stage 2 / 5 ───────────────────────────────────────────────────────────────────────────────────────────────────────────────
    Stage 2/5 ━━━━━━━━━━━━━━━━━━━━━━━━━━━━━━━━━━━━━━━━ 100% 0:01:59
  Stage 2 complete — final loss: 0.00135 | PSNR: 26.10 dB

─────────────────────────────────────────────────────────────────────────────────────────────────────────────── Stage 3 / 5 ───────────────────────────────────────────────────────────────────────────────────────────────────────────────
    Stage 3/5 ━━━━━━━━━━━━━━━━━━━━━━━━━━━━━━━━━━━━━━━━ 100% 0:02:08
  Stage 3 complete — final loss: 0.00134 | PSNR: 26.17 dB

─────────────────────────────────────────────────────────────────────────────────────────────────────────────── Stage 4 / 5 ───────────────────────────────────────────────────────────────────────────────────────────────────────────────
    Stage 4/5 ━━━━━━━━━━━━━━━━━━━━━━━━━━━━━━━━━━━━━━━━ 100% 0:02:14
  Stage 4 complete — final loss: 0.00131 | PSNR: 26.23 dB

─────────────────────────────────────────────────────────────────────────────────────────────────────────────── Stage 5 / 5 ───────────────────────────────────────────────────────────────────────────────────────────────────────────────
    Stage 5/5 ━━━━━━━━━━━━━━━━━━━━━━━━━━━━━━━━━━━━━━━━ 100% 0:02:06
  Stage 5 complete — final loss: 0.00131 | PSNR: 26.27 dB

Checkpoint saved: runs/run_20260422_044717/checkpoints/sigma25_final.pt
Results summary saved to: runs/run_20260422_044717/results_summary.csv
Training complete.
📈 Paper-ready graphs saved to: runs/run_20260422_044717/graphs/

Starting final evaluation...
Evaluation  (σ=25, stages=5)
┏━━━━━━━━━┳━━━━━━━━━━━━━━━━┓
┃ Dataset ┃ Mean PSNR (dB) ┃
┡━━━━━━━━━╇━━━━━━━━━━━━━━━━┩
│ cbsd68  │ 26.27          │
└─────────┴────────────────┘

>>> EXPERIMENT: Damping Gamma=0.9
>>> COMMAND: uv run main.py train --gamma 0.9 --stages 5 --epochs 20

Run directory: runs/run_20260422_045756
Training datasets : ['foe400']
Test dataset      : cbsd68
Loss function     : MSE  (MSE matches TNRD paper)
Stages            : 5  (unrolled PDE steps, NOT epochs)
Epochs per stage  : 20  (full passes over training data)


Device: cuda
─────────────────────────────────────────────────────────────────────────────────────────────────────────────── Stage 1 / 5 ───────────────────────────────────────────────────────────────────────────────────────────────────────────────
    Stage 1/5 ━━━━━━━━━━━━━━━━━━━━━━━━━━━━━━━━━━━━━━━━ 100% 0:02:02
  Stage 1 complete — final loss: 0.00148 | PSNR: 25.85 dB

─────────────────────────────────────────────────────────────────────────────────────────────────────────────── Stage 2 / 5 ───────────────────────────────────────────────────────────────────────────────────────────────────────────────
    Stage 2/5 ━━━━━━━━━━━━━━━━━━━━━━━━━━━━━━━━━━━━━━━━ 100% 0:02:02
  Stage 2 complete — final loss: 0.00135 | PSNR: 26.10 dB

─────────────────────────────────────────────────────────────────────────────────────────────────────────────── Stage 3 / 5 ───────────────────────────────────────────────────────────────────────────────────────────────────────────────
    Stage 3/5 ━━━━━━━━━━━━━━━━━━━━━━━━━━━━━━━━━━━━━━━━ 100% 0:02:01
  Stage 3 complete — final loss: 0.00134 | PSNR: 26.17 dB

─────────────────────────────────────────────────────────────────────────────────────────────────────────────── Stage 4 / 5 ───────────────────────────────────────────────────────────────────────────────────────────────────────────────
    Stage 4/5 ━━━━━━━━━━━━━━━━━━━━━━━━━━━━━━━━━━━━━━━━ 100% 0:02:07
  Stage 4 complete — final loss: 0.00132 | PSNR: 26.23 dB

─────────────────────────────────────────────────────────────────────────────────────────────────────────────── Stage 5 / 5 ───────────────────────────────────────────────────────────────────────────────────────────────────────────────
    Stage 5/5 ━━━━━━━━━━━━━━━━━━━━━━━━━━━━━━━━━━━━━━━━ 100% 0:02:00
  Stage 5 complete — final loss: 0.00131 | PSNR: 26.26 dB

Checkpoint saved: runs/run_20260422_045756/checkpoints/sigma25_final.pt
Results summary saved to: runs/run_20260422_045756/results_summary.csv
Training complete.
📈 Paper-ready graphs saved to: runs/run_20260422_045756/graphs/

Starting final evaluation...
Evaluation  (σ=25, stages=5)
┏━━━━━━━━━┳━━━━━━━━━━━━━━━━┓
┃ Dataset ┃ Mean PSNR (dB) ┃
┡━━━━━━━━━╇━━━━━━━━━━━━━━━━┩
│ cbsd68  │ 26.26          │
└─────────┴────────────────┘

>>> EXPERIMENT: Depth Stages=3
>>> COMMAND: uv run main.py train --stages 3 --epochs 20

Run directory: runs/run_20260422_050822
Training datasets : ['foe400']
Test dataset      : cbsd68
Loss function     : MSE  (MSE matches TNRD paper)
Stages            : 3  (unrolled PDE steps, NOT epochs)
Epochs per stage  : 20  (full passes over training data)


Device: cuda
─────────────────────────────────────────────────────────────────────────────────────────────────────────────── Stage 1 / 3 ───────────────────────────────────────────────────────────────────────────────────────────────────────────────
    Stage 1/3 ━━━━━━━━━━━━━━━━━━━━━━━━━━━━━━━━━━━━━━━━ 100% 0:01:27
  Stage 1 complete — final loss: 0.00148 | PSNR: 25.82 dB

─────────────────────────────────────────────────────────────────────────────────────────────────────────────── Stage 2 / 3 ───────────────────────────────────────────────────────────────────────────────────────────────────────────────
    Stage 2/3 ━━━━━━━━━━━━━━━━━━━━━━━━━━━━━━━━━━━━━━━━ 100% 0:01:28
  Stage 2 complete — final loss: 0.00135 | PSNR: 26.12 dB

─────────────────────────────────────────────────────────────────────────────────────────────────────────────── Stage 3 / 3 ───────────────────────────────────────────────────────────────────────────────────────────────────────────────
    Stage 3/3 ━━━━━━━━━━━━━━━━━━━━━━━━━━━━━━━━━━━━━━━━ 100% 0:01:25
  Stage 3 complete — final loss: 0.00136 | PSNR: 26.10 dB

Checkpoint saved: runs/run_20260422_050822/checkpoints/sigma25_final.pt
Results summary saved to: runs/run_20260422_050822/results_summary.csv
Training complete.
📈 Paper-ready graphs saved to: runs/run_20260422_050822/graphs/

Starting final evaluation...
Evaluation  (σ=25, stages=3)
┏━━━━━━━━━┳━━━━━━━━━━━━━━━━┓
┃ Dataset ┃ Mean PSNR (dB) ┃
┡━━━━━━━━━╇━━━━━━━━━━━━━━━━┩
│ cbsd68  │ 26.10          │
└─────────┴────────────────┘

>>> EXPERIMENT: Depth Stages=15
>>> COMMAND: uv run main.py train --stages 15 --epochs 20

Run directory: runs/run_20260422_051250
Training datasets : ['foe400']
Test dataset      : cbsd68
Loss function     : MSE  (MSE matches TNRD paper)
Stages            : 15  (unrolled PDE steps, NOT epochs)
Epochs per stage  : 20  (full passes over training data)


Device: cuda
────────────────────────────────────────────────────────────────────────────────────────────────────────────── Stage 1 / 15 ───────────────────────────────────────────────────────────────────────────────────────────────────────────────
    Stage 1/15 ━━━━━━━━━━━━━━━━━━━━━━━━━━━━━━━━━━━━━━━━ 100% 0:04:54
  Stage 1 complete — final loss: 0.00148 | PSNR: 25.80 dB

────────────────────────────────────────────────────────────────────────────────────────────────────────────── Stage 2 / 15 ───────────────────────────────────────────────────────────────────────────────────────────────────────────────
    Stage 2/15 ━━━━━━━━━━━━━━━━━━━━━━━━━━━━━━━━━━━━━━━━ 100% 0:05:02
  Stage 2 complete — final loss: 0.00135 | PSNR: 26.11 dB

────────────────────────────────────────────────────────────────────────────────────────────────────────────── Stage 3 / 15 ───────────────────────────────────────────────────────────────────────────────────────────────────────────────
    Stage 3/15 ━━━━━━━━━━━━━━━━━━━━━━━━━━━━━━━━━━━━━━━━ 100% 0:05:03
  Stage 3 complete — final loss: 0.00134 | PSNR: 26.19 dB

────────────────────────────────────────────────────────────────────────────────────────────────────────────── Stage 4 / 15 ───────────────────────────────────────────────────────────────────────────────────────────────────────────────
    Stage 4/15 ━━━━━━━━━━━━━━━━━━━━━━━━━━━━━━━━━━━━━━━━ 100% 0:05:06
  Stage 4 complete — final loss: 0.00132 | PSNR: 26.24 dB

────────────────────────────────────────────────────────────────────────────────────────────────────────────── Stage 5 / 15 ───────────────────────────────────────────────────────────────────────────────────────────────────────────────
    Stage 5/15 ━━━━━━━━━━━━━━━━━━━━━━━━━━━━━━━━━━━━━━━━ 100% 0:05:05
  Stage 5 complete — final loss: 0.00132 | PSNR: 26.25 dB

────────────────────────────────────────────────────────────────────────────────────────────────────────────── Stage 6 / 15 ───────────────────────────────────────────────────────────────────────────────────────────────────────────────
    Stage 6/15 ━━━━━━━━━━━━━━━━━━━━━━━━━━━━━━━━━━━━━━━━ 100% 0:05:05
  Stage 6 complete — final loss: 0.00130 | PSNR: 26.28 dB

────────────────────────────────────────────────────────────────────────────────────────────────────────────── Stage 7 / 15 ───────────────────────────────────────────────────────────────────────────────────────────────────────────────
    Stage 7/15 ━━━━━━━━━━━━━━━━━━━━━━━━━━━━━━━━━━━━━━━━ 100% 0:05:05
  Stage 7 complete — final loss: 0.00130 | PSNR: 26.30 dB

────────────────────────────────────────────────────────────────────────────────────────────────────────────── Stage 8 / 15 ───────────────────────────────────────────────────────────────────────────────────────────────────────────────
    Stage 8/15 ━━━━━━━━━━━━━━━━━━━━━━━━━━━━━━━━━━━━━━━━ 100% 0:05:05
  Stage 8 complete — final loss: 0.00130 | PSNR: 26.30 dB

────────────────────────────────────────────────────────────────────────────────────────────────────────────── Stage 9 / 15 ───────────────────────────────────────────────────────────────────────────────────────────────────────────────
    Stage 9/15 ━━━━━━━━━━━━━━━━━━━━━━━━━━━━━━━━━━━━━━━━ 100% 0:05:05
  Stage 9 complete — final loss: 0.00129 | PSNR: 26.34 dB

────────────────────────────────────────────────────────────────────────────────────────────────────────────── Stage 10 / 15 ──────────────────────────────────────────────────────────────────────────────────────────────────────────────
    Stage 10/15 ━━━━━━━━━━━━━━━━━━━━━━━━━━━━━━━━━━━━━━━━ 100% 0:05:04
  Stage 10 complete — final loss: 0.00128 | PSNR: 26.35 dB

────────────────────────────────────────────────────────────────────────────────────────────────────────────── Stage 11 / 15 ──────────────────────────────────────────────────────────────────────────────────────────────────────────────
    Stage 11/15 ━━━━━━━━━━━━━━━━━━━━━━━━━━━━━━━━━━━━━━━━ 100% 0:05:04
  Stage 11 complete — final loss: 0.00129 | PSNR: 26.36 dB

────────────────────────────────────────────────────────────────────────────────────────────────────────────── Stage 12 / 15 ──────────────────────────────────────────────────────────────────────────────────────────────────────────────
    Stage 12/15 ━━━━━━━━━━━━━━━━━━━━━━━━━━━━━━━━━━━━━━━━ 100% 0:05:04
  Stage 12 complete — final loss: 0.00128 | PSNR: 26.36 dB

────────────────────────────────────────────────────────────────────────────────────────────────────────────── Stage 13 / 15 ──────────────────────────────────────────────────────────────────────────────────────────────────────────────
    Stage 13/15 ━━━━━━━━━━━━━━━━━━━━━━━━━━━━━━━━━━━━━━━━ 100% 0:05:04
  Stage 13 complete — final loss: 0.00129 | PSNR: 26.37 dB

────────────────────────────────────────────────────────────────────────────────────────────────────────────── Stage 14 / 15 ──────────────────────────────────────────────────────────────────────────────────────────────────────────────
    Stage 14/15 ━━━━━━━━━━━━━━━━━━━━━━━━━━━━━━━━━━━━━━━━ 100% 0:05:04
  Stage 14 complete — final loss: 0.00128 | PSNR: 26.36 dB

────────────────────────────────────────────────────────────────────────────────────────────────────────────── Stage 15 / 15 ──────────────────────────────────────────────────────────────────────────────────────────────────────────────
    Stage 15/15 ━━━━━━━━━━━━━━━━━━━━━━━━━━━━━━━━━━━━━━━━ 100% 0:05:04
  Stage 15 complete — final loss: 0.00128 | PSNR: 26.37 dB

Checkpoint saved: runs/run_20260422_051250/checkpoints/sigma25_final.pt
Results summary saved to: runs/run_20260422_051250/results_summary.csv
Training complete.
📈 Paper-ready graphs saved to: runs/run_20260422_051250/graphs/

Starting final evaluation...
     Evaluation  (σ=25,     
         stages=15)         
┏━━━━━━━━━┳━━━━━━━━━━━━━━━━┓
┃ Dataset ┃ Mean PSNR (dB) ┃
┡━━━━━━━━━╇━━━━━━━━━━━━━━━━┩
│ cbsd68  │ 26.37          │
└─────────┴────────────────┘

>>> EXPERIMENT: Loss L1
>>> COMMAND: uv run main.py train --loss l1 --stages 5 --epochs 20

Run directory: runs/run_20260422_062952
Training datasets : ['foe400']
Test dataset      : cbsd68
Loss function     : L1  (MSE matches TNRD paper)
Stages            : 5  (unrolled PDE steps, NOT epochs)
Epochs per stage  : 20  (full passes over training data)


Device: cuda
─────────────────────────────────────────────────────────────────────────────────────────────────────────────── Stage 1 / 5 ───────────────────────────────────────────────────────────────────────────────────────────────────────────────
    Stage 1/5 ━━━━━━━━━━━━━━━━━━━━━━━━━━━━━━━━━━━━━━━━ 100% 0:02:02
  Stage 1 complete — final loss: 0.02023 | PSNR: 25.96 dB

─────────────────────────────────────────────────────────────────────────────────────────────────────────────── Stage 2 / 5 ───────────────────────────────────────────────────────────────────────────────────────────────────────────────
    Stage 2/5 ━━━━━━━━━━━━━━━━━━━━━━━━━━━━━━━━━━━━━━━━ 100% 0:02:02
  Stage 2 complete — final loss: 0.01867 | PSNR: 26.60 dB

─────────────────────────────────────────────────────────────────────────────────────────────────────────────── Stage 3 / 5 ───────────────────────────────────────────────────────────────────────────────────────────────────────────────
    Stage 3/5 ━━━━━━━━━━━━━━━━━━━━━━━━━━━━━━━━━━━━━━━━ 100% 0:02:02
  Stage 3 complete — final loss: 0.01723 | PSNR: 27.13 dB

─────────────────────────────────────────────────────────────────────────────────────────────────────────────── Stage 4 / 5 ───────────────────────────────────────────────────────────────────────────────────────────────────────────────
    Stage 4/5 ━━━━━━━━━━━━━━━━━━━━━━━━━━━━━━━━━━━━━━━━ 100% 0:02:02
  Stage 4 complete — final loss: 0.01679 | PSNR: 27.34 dB

─────────────────────────────────────────────────────────────────────────────────────────────────────────────── Stage 5 / 5 ───────────────────────────────────────────────────────────────────────────────────────────────────────────────
    Stage 5/5 ━━━━━━━━━━━━━━━━━━━━━━━━━━━━━━━━━━━━━━━━ 100% 0:02:02
  Stage 5 complete — final loss: 0.01671 | PSNR: 27.47 dB

Checkpoint saved: runs/run_20260422_062952/checkpoints/sigma25_final.pt
Results summary saved to: runs/run_20260422_062952/results_summary.csv
Training complete.
📈 Paper-ready graphs saved to: runs/run_20260422_062952/graphs/

Starting final evaluation...
Evaluation  (σ=25, stages=5)
┏━━━━━━━━━┳━━━━━━━━━━━━━━━━┓
┃ Dataset ┃ Mean PSNR (dB) ┃
┡━━━━━━━━━╇━━━━━━━━━━━━━━━━┩
│ cbsd68  │ 27.47          │
└─────────┴────────────────┘

=== All experiments finished: Wed Apr 22 06:40:15 AM IST 2026 ===
